<?xml version="1.0" encoding="UTF-8"?>
<testng-results ignored="0" total="1" passed="1" failed="0" skipped="0">
  <reporter-output>
  </reporter-output>
  <suite started-at="2021-03-30T18:55:39 IST" name="Default suite" finished-at="2021-03-30T18:56:11 IST" duration-ms="31739">
    <groups>
    </groups>
    <test started-at="2021-03-30T18:55:39 IST" name="Default test" finished-at="2021-03-30T18:56:11 IST" duration-ms="31739">
      <class name="Ant_Jenkins_Package.Ant_Jenkins_Test">
        <test-method signature="loginTest()[pri:0, instance:Ant_Jenkins_Package.Ant_Jenkins_Test@378542de]" started-at="2021-03-30T18:55:39 IST" name="loginTest" finished-at="2021-03-30T18:56:11 IST" duration-ms="31637" status="PASS">
          <reporter-output>
          </reporter-output>
        </test-method> <!-- loginTest -->
      </class> <!-- Ant_Jenkins_Package.Ant_Jenkins_Test -->
    </test> <!-- Default test -->
  </suite> <!-- Default suite -->
</testng-results>
